#-----------------------------------------------------------
# Vivado v2019.2 (64-bit)
# SW Build 2708876 on Wed Nov  6 21:40:23 MST 2019
# IP Build 2700528 on Thu Nov  7 00:09:20 MST 2019
# Start of session at: Sat Jul 27 00:33:21 2024
# Process ID: 15484
# Current directory: D:/file/WRR_FIFO/Vivado/pro/WRR
# Command line: vivado.exe -gui_launcher_event rodinguilauncherevent5796 D:\file\WRR_FIFO\Vivado\pro\WRR\WRR.xpr
# Log file: D:/file/WRR_FIFO/Vivado/pro/WRR/vivado.log
# Journal file: D:/file/WRR_FIFO/Vivado/pro/WRR\vivado.jou
#-----------------------------------------------------------
start_gui
open_project D:/file/WRR_FIFO/Vivado/pro/WRR/WRR.xpr
Scanning sources...
Finished scanning sources
INFO: [IP_Flow 19-234] Refreshing IP repositories
INFO: [IP_Flow 19-1704] No user IP repositories specified
INFO: [IP_Flow 19-2313] Loaded Vivado IP repository 'D:/softs/Vivado/vivado2019.2/Vivado/2019.2/data/ip'.
open_project: Time (s): cpu = 00:00:05 ; elapsed = 00:00:11 . Memory (MB): peak = 942.180 ; gain = 234.910
update_compile_order -fileset sources_1
