Analysis & Synthesis report for MMU
Mon May 06 22:27:11 2024
Quartus Prime Version 18.0.0 Build 614 04/24/2018 SJ Standard Edition


---------------------
; Table of Contents ;
---------------------
  1. Legal Notice
  2. Analysis & Synthesis Summary
  3. Analysis & Synthesis Settings
  4. Parallel Compilation
  5. Analysis & Synthesis Source Files Read
  6. Analysis & Synthesis Resource Usage Summary
  7. Analysis & Synthesis Resource Utilization by Entity
  8. User-Specified and Inferred Latches
  9. General Register Statistics
 10. Inverted Register Statistics
 11. Multiplexer Restructuring Statistics (Restructuring Performed)
 12. Parameter Settings for User Entity Instance: Top-level Entity: |MMU
 13. Parameter Settings for User Entity Instance: SRAM:SRAM_dut
 14. Post-Synthesis Netlist Statistics for Top Partition
 15. Elapsed Time Per Partition
 16. Analysis & Synthesis Messages



----------------
; Legal Notice ;
----------------
Copyright (C) 2018  Intel Corporation. All rights reserved.
Your use of Intel Corporation's design tools, logic functions 
and other software and tools, and its AMPP partner logic 
functions, and any output files from any of the foregoing 
(including device programming or simulation files), and any 
associated documentation or information are expressly subject 
to the terms and conditions of the Intel Program License 
Subscription Agreement, the Intel Quartus Prime License Agreement,
the Intel FPGA IP License Agreement, or other applicable license
agreement, including, without limitation, that your use is for
the sole purpose of programming logic devices manufactured by
Intel and sold by Intel or its authorized distributors.  Please
refer to the applicable agreement for further details.



+--------------------------------------------------------------------------------------+
; Analysis & Synthesis Summary                                                         ;
+------------------------------------+-------------------------------------------------+
; Analysis & Synthesis Status        ; Successful - Mon May 06 22:27:11 2024           ;
; Quartus Prime Version              ; 18.0.0 Build 614 04/24/2018 SJ Standard Edition ;
; Revision Name                      ; MMU                                             ;
; Top-level Entity Name              ; MMU                                             ;
; Family                             ; Cyclone IV E                                    ;
; Total logic elements               ; 1,087                                           ;
;     Total combinational functions  ; 556                                             ;
;     Dedicated logic registers      ; 574                                             ;
; Total registers                    ; 574                                             ;
; Total pins                         ; 50                                              ;
; Total virtual pins                 ; 0                                               ;
; Total memory bits                  ; 0                                               ;
; Embedded Multiplier 9-bit elements ; 0                                               ;
; Total PLLs                         ; 0                                               ;
+------------------------------------+-------------------------------------------------+


+------------------------------------------------------------------------------------------------------------+
; Analysis & Synthesis Settings                                                                              ;
+------------------------------------------------------------------+--------------------+--------------------+
; Option                                                           ; Setting            ; Default Value      ;
+------------------------------------------------------------------+--------------------+--------------------+
; Top-level entity name                                            ; MMU                ; MMU                ;
; Family name                                                      ; Cyclone IV E       ; Cyclone V          ;
; Use smart compilation                                            ; Off                ; Off                ;
; Enable parallel Assembler and Timing Analyzer during compilation ; On                 ; On                 ;
; Enable compact report table                                      ; Off                ; Off                ;
; Restructure Multiplexers                                         ; Auto               ; Auto               ;
; Create Debugging Nodes for IP Cores                              ; Off                ; Off                ;
; Preserve fewer node names                                        ; On                 ; On                 ;
; Intel FPGA IP Evaluation Mode                                    ; Enable             ; Enable             ;
; Verilog Version                                                  ; Verilog_2001       ; Verilog_2001       ;
; VHDL Version                                                     ; VHDL_1993          ; VHDL_1993          ;
; State Machine Processing                                         ; Auto               ; Auto               ;
; Safe State Machine                                               ; Off                ; Off                ;
; Extract Verilog State Machines                                   ; On                 ; On                 ;
; Extract VHDL State Machines                                      ; On                 ; On                 ;
; Ignore Verilog initial constructs                                ; Off                ; Off                ;
; Iteration limit for constant Verilog loops                       ; 5000               ; 5000               ;
; Iteration limit for non-constant Verilog loops                   ; 250                ; 250                ;
; Add Pass-Through Logic to Inferred RAMs                          ; On                 ; On                 ;
; Infer RAMs from Raw Logic                                        ; On                 ; On                 ;
; Parallel Synthesis                                               ; On                 ; On                 ;
; DSP Block Balancing                                              ; Auto               ; Auto               ;
; NOT Gate Push-Back                                               ; On                 ; On                 ;
; Power-Up Don't Care                                              ; On                 ; On                 ;
; Remove Redundant Logic Cells                                     ; Off                ; Off                ;
; Remove Duplicate Registers                                       ; On                 ; On                 ;
; Ignore CARRY Buffers                                             ; Off                ; Off                ;
; Ignore CASCADE Buffers                                           ; Off                ; Off                ;
; Ignore GLOBAL Buffers                                            ; Off                ; Off                ;
; Ignore ROW GLOBAL Buffers                                        ; Off                ; Off                ;
; Ignore LCELL Buffers                                             ; Off                ; Off                ;
; Ignore SOFT Buffers                                              ; On                 ; On                 ;
; Limit AHDL Integers to 32 Bits                                   ; Off                ; Off                ;
; Optimization Technique                                           ; Balanced           ; Balanced           ;
; Carry Chain Length                                               ; 70                 ; 70                 ;
; Auto Carry Chains                                                ; On                 ; On                 ;
; Auto Open-Drain Pins                                             ; On                 ; On                 ;
; Perform WYSIWYG Primitive Resynthesis                            ; Off                ; Off                ;
; Auto ROM Replacement                                             ; On                 ; On                 ;
; Auto RAM Replacement                                             ; On                 ; On                 ;
; Auto DSP Block Replacement                                       ; On                 ; On                 ;
; Auto Shift Register Replacement                                  ; Auto               ; Auto               ;
; Allow Shift Register Merging across Hierarchies                  ; Auto               ; Auto               ;
; Auto Clock Enable Replacement                                    ; On                 ; On                 ;
; Strict RAM Replacement                                           ; Off                ; Off                ;
; Allow Synchronous Control Signals                                ; On                 ; On                 ;
; Force Use of Synchronous Clear Signals                           ; Off                ; Off                ;
; Auto RAM Block Balancing                                         ; On                 ; On                 ;
; Auto RAM to Logic Cell Conversion                                ; Off                ; Off                ;
; Auto Resource Sharing                                            ; Off                ; Off                ;
; Allow Any RAM Size For Recognition                               ; Off                ; Off                ;
; Allow Any ROM Size For Recognition                               ; Off                ; Off                ;
; Allow Any Shift Register Size For Recognition                    ; Off                ; Off                ;
; Use LogicLock Constraints during Resource Balancing              ; On                 ; On                 ;
; Ignore translate_off and synthesis_off directives                ; Off                ; Off                ;
; Timing-Driven Synthesis                                          ; On                 ; On                 ;
; Report Parameter Settings                                        ; On                 ; On                 ;
; Report Source Assignments                                        ; On                 ; On                 ;
; Report Connectivity Checks                                       ; On                 ; On                 ;
; Ignore Maximum Fan-Out Assignments                               ; Off                ; Off                ;
; Synchronization Register Chain Length                            ; 2                  ; 2                  ;
; Power Optimization During Synthesis                              ; Normal compilation ; Normal compilation ;
; HDL message level                                                ; Level2             ; Level2             ;
; Suppress Register Optimization Related Messages                  ; Off                ; Off                ;
; Number of Removed Registers Reported in Synthesis Report         ; 5000               ; 5000               ;
; Number of Swept Nodes Reported in Synthesis Report               ; 5000               ; 5000               ;
; Number of Inverted Registers Reported in Synthesis Report        ; 100                ; 100                ;
; Clock MUX Protection                                             ; On                 ; On                 ;
; Auto Gated Clock Conversion                                      ; Off                ; Off                ;
; Block Design Naming                                              ; Auto               ; Auto               ;
; SDC constraint protection                                        ; Off                ; Off                ;
; Synthesis Effort                                                 ; Auto               ; Auto               ;
; Shift Register Replacement - Allow Asynchronous Clear Signal     ; On                 ; On                 ;
; Pre-Mapping Resynthesis Optimization                             ; Off                ; Off                ;
; Analysis & Synthesis Message Level                               ; Medium             ; Medium             ;
; Disable Register Merging Across Hierarchies                      ; Auto               ; Auto               ;
; Resource Aware Inference For Block RAM                           ; On                 ; On                 ;
+------------------------------------------------------------------+--------------------+--------------------+


+------------------------------------------+
; Parallel Compilation                     ;
+----------------------------+-------------+
; Processors                 ; Number      ;
+----------------------------+-------------+
; Number detected on machine ; 16          ;
; Maximum allowed            ; 16          ;
;                            ;             ;
; Average used               ; 1.00        ;
; Maximum used               ; 16          ;
;                            ;             ;
; Usage by Processor         ; % Time Used ;
;     Processor 1            ; 100.0%      ;
;     Processor 2            ;   0.0%      ;
;     Processor 3            ;   0.0%      ;
;     Processor 4            ;   0.0%      ;
;     Processor 5            ;   0.0%      ;
;     Processor 6            ;   0.0%      ;
;     Processor 7            ;   0.0%      ;
;     Processor 8            ;   0.0%      ;
;     Processors 9-16        ;   0.0%      ;
+----------------------------+-------------+


+-----------------------------------------------------------------------------------------------------------------------+
; Analysis & Synthesis Source Files Read                                                                                ;
+----------------------------------+-----------------+------------------------+-------------------------------+---------+
; File Name with User-Entered Path ; Used in Netlist ; File Type              ; File Name with Absolute Path  ; Library ;
+----------------------------------+-----------------+------------------------+-------------------------------+---------+
; ../../src/SRAM.v                 ; yes             ; User Verilog HDL File  ; D:/file/SRAMC/SRAM/src/SRAM.v ;         ;
; ../../src/MMU.v                  ; yes             ; User Verilog HDL File  ; D:/file/SRAMC/SRAM/src/MMU.v  ;         ;
+----------------------------------+-----------------+------------------------+-------------------------------+---------+


+---------------------------------------------------------+
; Analysis & Synthesis Resource Usage Summary             ;
+---------------------------------------------+-----------+
; Resource                                    ; Usage     ;
+---------------------------------------------+-----------+
; Estimated Total logic elements              ; 1,087     ;
;                                             ;           ;
; Total combinational functions               ; 556       ;
; Logic element usage by number of LUT inputs ;           ;
;     -- 4 input functions                    ; 483       ;
;     -- 3 input functions                    ; 46        ;
;     -- <=2 input functions                  ; 27        ;
;                                             ;           ;
; Logic elements by mode                      ;           ;
;     -- normal mode                          ; 556       ;
;     -- arithmetic mode                      ; 0         ;
;                                             ;           ;
; Total registers                             ; 574       ;
;     -- Dedicated logic registers            ; 574       ;
;     -- I/O registers                        ; 0         ;
;                                             ;           ;
; I/O pins                                    ; 50        ;
;                                             ;           ;
; Embedded Multiplier 9-bit elements          ; 0         ;
;                                             ;           ;
; Maximum fan-out node                        ; clk~input ;
; Maximum fan-out                             ; 574       ;
; Total fan-out                               ; 3943      ;
; Average fan-out                             ; 3.21      ;
+---------------------------------------------+-----------+


+----------------------------------------------------------------------------------------------------------------------------------------------------------------------------------------------------------+
; Analysis & Synthesis Resource Utilization by Entity                                                                                                                                                      ;
+----------------------------+---------------------+---------------------------+-------------+--------------+---------+-----------+------+--------------+---------------------+-------------+--------------+
; Compilation Hierarchy Node ; Combinational ALUTs ; Dedicated Logic Registers ; Memory Bits ; DSP Elements ; DSP 9x9 ; DSP 18x18 ; Pins ; Virtual Pins ; Full Hierarchy Name ; Entity Name ; Library Name ;
+----------------------------+---------------------+---------------------------+-------------+--------------+---------+-----------+------+--------------+---------------------+-------------+--------------+
; |MMU                       ; 556 (129)           ; 574 (54)                  ; 0           ; 0            ; 0       ; 0         ; 50   ; 0            ; |MMU                ; MMU         ; work         ;
;    |SRAM:SRAM_dut|         ; 427 (427)           ; 520 (520)                 ; 0           ; 0            ; 0       ; 0         ; 0    ; 0            ; |MMU|SRAM:SRAM_dut  ; SRAM        ; work         ;
+----------------------------+---------------------+---------------------------+-------------+--------------+---------+-----------+------+--------------+---------------------+-------------+--------------+
Note: For table entries with two numbers listed, the numbers in parentheses indicate the number of resources of the given type used by the specific entity alone. The numbers listed outside of parentheses indicate the total resources of the given type used by the specific entity and all of its sub-entities in the hierarchy.


+---------------------------------------------------------------------------------------------------+
; User-Specified and Inferred Latches                                                               ;
+----------------------------------------------------+---------------------+------------------------+
; Latch Name                                         ; Latch Enable Signal ; Free of Timing Hazards ;
+----------------------------------------------------+---------------------+------------------------+
; point[0]                                           ; point[3]            ; yes                    ;
; point[1]                                           ; point[3]            ; yes                    ;
; point[2]                                           ; point[3]            ; yes                    ;
; point[3]                                           ; point[3]            ; yes                    ;
; stop                                               ; stop                ; yes                    ;
; Number of user-specified and inferred latches = 5  ;                     ;                        ;
+----------------------------------------------------+---------------------+------------------------+
Note: All latches listed above may not be present at the end of synthesis due to various synthesis optimizations.


+------------------------------------------------------+
; General Register Statistics                          ;
+----------------------------------------------+-------+
; Statistic                                    ; Value ;
+----------------------------------------------+-------+
; Total registers                              ; 574   ;
; Number of registers using Synchronous Clear  ; 0     ;
; Number of registers using Synchronous Load   ; 0     ;
; Number of registers using Asynchronous Clear ; 62    ;
; Number of registers using Asynchronous Load  ; 0     ;
; Number of registers using Clock Enable       ; 543   ;
; Number of registers using Preset             ; 0     ;
+----------------------------------------------+-------+


+---------------------------------------------------+
; Inverted Register Statistics                      ;
+-----------------------------------------+---------+
; Inverted Register                       ; Fan out ;
+-----------------------------------------+---------+
; sram_table[1][0]                        ; 6       ;
; sram_table[2][0]                        ; 6       ;
; sram_table[5][0]                        ; 5       ;
; flag                                    ; 4       ;
; sram_num[2]                             ; 4       ;
; sram_num[1]                             ; 3       ;
; sram_num[0]                             ; 4       ;
; sram_table[4][0]                        ; 4       ;
; sram_table[6][0]                        ; 4       ;
; sram_table[8][0]                        ; 5       ;
; sram_table[7][0]                        ; 4       ;
; sram_table[3][0]                        ; 5       ;
; Total number of inverted registers = 12 ;         ;
+-----------------------------------------+---------+


+---------------------------------------------------------------------------------------------------------------------------------------------+
; Multiplexer Restructuring Statistics (Restructuring Performed)                                                                              ;
+--------------------+-----------+---------------+----------------------+------------------------+------------+-------------------------------+
; Multiplexer Inputs ; Bus Width ; Baseline Area ; Area if Restructured ; Saving if Restructured ; Registered ; Example Multiplexer Output    ;
+--------------------+-----------+---------------+----------------------+------------------------+------------+-------------------------------+
; 3:1                ; 8 bits    ; 16 LEs        ; 8 LEs                ; 8 LEs                  ; Yes        ; |MMU|SRAM:SRAM_dut|rd_data[0] ;
; 3:1                ; 3 bits    ; 6 LEs         ; 3 LEs                ; 3 LEs                  ; Yes        ; |MMU|count[2]                 ;
; 3:1                ; 2 bits    ; 4 LEs         ; 2 LEs                ; 2 LEs                  ; Yes        ; |MMU|sram_num[2]              ;
; 3:1                ; 8 bits    ; 16 LEs        ; 8 LEs                ; 8 LEs                  ; No         ; |MMU|rd_data                  ;
; 17:1               ; 2 bits    ; 22 LEs        ; 20 LEs               ; 2 LEs                  ; No         ; |MMU|point[0]                 ;
+--------------------+-----------+---------------+----------------------+------------------------+------------+-------------------------------+


+---------------------------------------------------------------------+
; Parameter Settings for User Entity Instance: Top-level Entity: |MMU ;
+----------------+-------+--------------------------------------------+
; Parameter Name ; Value ; Type                                       ;
+----------------+-------+--------------------------------------------+
; DATA_BIT       ; 8     ; Signed Integer                             ;
; LOGIC_ADDR_BIT ; 3     ; Signed Integer                             ;
; PHYSI_ADDR_BIT ; 6     ; Signed Integer                             ;
; FRAME_BIT      ; 2     ; Signed Integer                             ;
; SRAM_PACK_BIT  ; 3     ; Signed Integer                             ;
+----------------+-------+--------------------------------------------+
Note: In order to hide this table in the UI and the text report file, please set the "Show Parameter Settings in Synthesis Report" option in "Analysis and Synthesis Settings -> More Settings" to "Off".


+------------------------------------------------------------+
; Parameter Settings for User Entity Instance: SRAM:SRAM_dut ;
+----------------+-------+-----------------------------------+
; Parameter Name ; Value ; Type                              ;
+----------------+-------+-----------------------------------+
; DATA_BIT       ; 8     ; Signed Integer                    ;
; ADDR_BIT       ; 6     ; Signed Integer                    ;
+----------------+-------+-----------------------------------+
Note: In order to hide this table in the UI and the text report file, please set the "Show Parameter Settings in Synthesis Report" option in "Analysis and Synthesis Settings -> More Settings" to "Off".


+-----------------------------------------------------+
; Post-Synthesis Netlist Statistics for Top Partition ;
+-----------------------+-----------------------------+
; Type                  ; Count                       ;
+-----------------------+-----------------------------+
; boundary_port         ; 50                          ;
; cycloneiii_ff         ; 574                         ;
;     CLR               ; 31                          ;
;     ENA               ; 512                         ;
;     ENA CLR           ; 31                          ;
; cycloneiii_lcell_comb ; 557                         ;
;     normal            ; 557                         ;
;         0 data inputs ; 1                           ;
;         1 data inputs ; 1                           ;
;         2 data inputs ; 26                          ;
;         3 data inputs ; 46                          ;
;         4 data inputs ; 483                         ;
;                       ;                             ;
; Max LUT depth         ; 8.00                        ;
; Average LUT depth     ; 5.32                        ;
+-----------------------+-----------------------------+


+-------------------------------+
; Elapsed Time Per Partition    ;
+----------------+--------------+
; Partition Name ; Elapsed Time ;
+----------------+--------------+
; Top            ; 00:00:01     ;
+----------------+--------------+


+-------------------------------+
; Analysis & Synthesis Messages ;
+-------------------------------+
Info: *******************************************************************
Info: Running Quartus Prime Analysis & Synthesis
    Info: Version 18.0.0 Build 614 04/24/2018 SJ Standard Edition
    Info: Processing started: Mon May 06 22:27:00 2024
Info: Command: quartus_map --read_settings_files=on --write_settings_files=off MMU -c MMU
Warning (18236): Number of processors has not been specified which may cause overloading on shared machines.  Set the global assignment NUM_PARALLEL_PROCESSORS in your QSF to an appropriate value for best performance.
Info (20030): Parallel compilation is enabled and will use 16 of the 16 processors detected
Info (12021): Found 1 design units, including 1 entities, in source file /file/sramc/sram/src/sram.v
    Info (12023): Found entity 1: SRAM File: D:/file/SRAMC/SRAM/src/SRAM.v Line: 11
Info (12021): Found 1 design units, including 1 entities, in source file /file/sramc/sram/src/mmu.v
    Info (12023): Found entity 1: MMU File: D:/file/SRAMC/SRAM/src/MMU.v Line: 10
Info (12127): Elaborating entity "MMU" for the top level hierarchy
Warning (10230): Verilog HDL assignment warning at MMU.v(70): truncated value with size 35 to match size of target (6) File: D:/file/SRAMC/SRAM/src/MMU.v Line: 70
Warning (10230): Verilog HDL assignment warning at MMU.v(88): truncated value with size 32 to match size of target (3) File: D:/file/SRAMC/SRAM/src/MMU.v Line: 88
Warning (10230): Verilog HDL assignment warning at MMU.v(117): truncated value with size 32 to match size of target (3) File: D:/file/SRAMC/SRAM/src/MMU.v Line: 117
Warning (10230): Verilog HDL assignment warning at MMU.v(125): truncated value with size 32 to match size of target (3) File: D:/file/SRAMC/SRAM/src/MMU.v Line: 125
Warning (10230): Verilog HDL assignment warning at MMU.v(130): truncated value with size 4 to match size of target (3) File: D:/file/SRAMC/SRAM/src/MMU.v Line: 130
Warning (10230): Verilog HDL assignment warning at MMU.v(132): truncated value with size 32 to match size of target (3) File: D:/file/SRAMC/SRAM/src/MMU.v Line: 132
Warning (10240): Verilog HDL Always Construct warning at MMU.v(111): inferring latch(es) for variable "t", which holds its previous value in one or more paths through the always construct File: D:/file/SRAMC/SRAM/src/MMU.v Line: 111
Warning (10027): Verilog HDL or VHDL warning at the MMU.v(173): index expression is not wide enough to address all of the elements in the array File: D:/file/SRAMC/SRAM/src/MMU.v Line: 173
Warning (10230): Verilog HDL assignment warning at MMU.v(177): truncated value with size 32 to match size of target (4) File: D:/file/SRAMC/SRAM/src/MMU.v Line: 177
Warning (10240): Verilog HDL Always Construct warning at MMU.v(167): inferring latch(es) for variable "stop", which holds its previous value in one or more paths through the always construct File: D:/file/SRAMC/SRAM/src/MMU.v Line: 167
Warning (10240): Verilog HDL Always Construct warning at MMU.v(167): inferring latch(es) for variable "point", which holds its previous value in one or more paths through the always construct File: D:/file/SRAMC/SRAM/src/MMU.v Line: 167
Warning (10240): Verilog HDL Always Construct warning at MMU.v(167): inferring latch(es) for variable "p", which holds its previous value in one or more paths through the always construct File: D:/file/SRAMC/SRAM/src/MMU.v Line: 167
Warning (10034): Output port "ready" at MMU.v(24) has no driver File: D:/file/SRAMC/SRAM/src/MMU.v Line: 24
Info (10041): Inferred latch for "point[0]" at MMU.v(171) File: D:/file/SRAMC/SRAM/src/MMU.v Line: 171
Info (10041): Inferred latch for "point[1]" at MMU.v(171) File: D:/file/SRAMC/SRAM/src/MMU.v Line: 171
Info (10041): Inferred latch for "point[2]" at MMU.v(171) File: D:/file/SRAMC/SRAM/src/MMU.v Line: 171
Info (10041): Inferred latch for "point[3]" at MMU.v(171) File: D:/file/SRAMC/SRAM/src/MMU.v Line: 171
Info (10041): Inferred latch for "stop" at MMU.v(171) File: D:/file/SRAMC/SRAM/src/MMU.v Line: 171
Info (10041): Inferred latch for "sram_table[1][1]" at MMU.v(111) File: D:/file/SRAMC/SRAM/src/MMU.v Line: 111
Info (10041): Inferred latch for "sram_table[1][2]" at MMU.v(111) File: D:/file/SRAMC/SRAM/src/MMU.v Line: 111
Info (10041): Inferred latch for "sram_table[1][3]" at MMU.v(111) File: D:/file/SRAMC/SRAM/src/MMU.v Line: 111
Info (10041): Inferred latch for "sram_table[2][1]" at MMU.v(111) File: D:/file/SRAMC/SRAM/src/MMU.v Line: 111
Info (10041): Inferred latch for "sram_table[2][2]" at MMU.v(111) File: D:/file/SRAMC/SRAM/src/MMU.v Line: 111
Info (10041): Inferred latch for "sram_table[2][3]" at MMU.v(111) File: D:/file/SRAMC/SRAM/src/MMU.v Line: 111
Info (10041): Inferred latch for "sram_table[5][1]" at MMU.v(111) File: D:/file/SRAMC/SRAM/src/MMU.v Line: 111
Info (10041): Inferred latch for "sram_table[5][2]" at MMU.v(111) File: D:/file/SRAMC/SRAM/src/MMU.v Line: 111
Info (10041): Inferred latch for "sram_table[5][3]" at MMU.v(111) File: D:/file/SRAMC/SRAM/src/MMU.v Line: 111
Info (12128): Elaborating entity "SRAM" for hierarchy "SRAM:SRAM_dut" File: D:/file/SRAMC/SRAM/src/MMU.v Line: 45
Info (276014): Found 1 instances of uninferred RAM logic
    Info (276007): RAM logic "SRAM:SRAM_dut|SRAM" is uninferred due to asynchronous read logic File: D:/file/SRAMC/SRAM/src/SRAM.v Line: 27
Warning (13012): Latch point[0] has unsafe behavior File: D:/file/SRAMC/SRAM/src/MMU.v Line: 171
    Warning (13013): Ports D and ENA on the latch are fed by the same signal start File: D:/file/SRAMC/SRAM/src/MMU.v Line: 19
Warning (13012): Latch point[1] has unsafe behavior File: D:/file/SRAMC/SRAM/src/MMU.v Line: 171
    Warning (13013): Ports D and ENA on the latch are fed by the same signal start File: D:/file/SRAMC/SRAM/src/MMU.v Line: 19
Warning (13012): Latch point[2] has unsafe behavior File: D:/file/SRAMC/SRAM/src/MMU.v Line: 171
    Warning (13013): Ports D and ENA on the latch are fed by the same signal start File: D:/file/SRAMC/SRAM/src/MMU.v Line: 19
Warning (13012): Latch point[3] has unsafe behavior File: D:/file/SRAMC/SRAM/src/MMU.v Line: 171
    Warning (13013): Ports D and ENA on the latch are fed by the same signal sram_table[8][0] File: D:/file/SRAMC/SRAM/src/MMU.v Line: 121
Warning (13012): Latch stop has unsafe behavior File: D:/file/SRAMC/SRAM/src/MMU.v Line: 165
    Warning (13013): Ports D and ENA on the latch are fed by the same signal start File: D:/file/SRAMC/SRAM/src/MMU.v Line: 19
Info (13000): Registers with preset signals will power-up high File: D:/file/SRAMC/SRAM/src/MMU.v Line: 121
Info (13003): DEV_CLRn pin will set, and not reset, register with preset signal due to NOT Gate Push-Back
Warning (13024): Output pins are stuck at VCC or GND
    Warning (13410): Pin "ready" is stuck at GND File: D:/file/SRAMC/SRAM/src/MMU.v Line: 24
    Warning (13410): Pin "data_table_out[1]" is stuck at GND File: D:/file/SRAMC/SRAM/src/MMU.v Line: 25
    Warning (13410): Pin "data_table_out[2]" is stuck at GND File: D:/file/SRAMC/SRAM/src/MMU.v Line: 25
    Warning (13410): Pin "data_table_out[3]" is stuck at GND File: D:/file/SRAMC/SRAM/src/MMU.v Line: 25
    Warning (13410): Pin "data_table_out[5]" is stuck at GND File: D:/file/SRAMC/SRAM/src/MMU.v Line: 25
    Warning (13410): Pin "data_table_out[6]" is stuck at GND File: D:/file/SRAMC/SRAM/src/MMU.v Line: 25
    Warning (13410): Pin "data_table_out[7]" is stuck at GND File: D:/file/SRAMC/SRAM/src/MMU.v Line: 25
    Warning (13410): Pin "data_table_out[9]" is stuck at GND File: D:/file/SRAMC/SRAM/src/MMU.v Line: 25
    Warning (13410): Pin "data_table_out[10]" is stuck at GND File: D:/file/SRAMC/SRAM/src/MMU.v Line: 25
    Warning (13410): Pin "data_table_out[11]" is stuck at GND File: D:/file/SRAMC/SRAM/src/MMU.v Line: 25
    Warning (13410): Pin "data_table_out[18]" is stuck at GND File: D:/file/SRAMC/SRAM/src/MMU.v Line: 25
    Warning (13410): Pin "data_table_out[19]" is stuck at GND File: D:/file/SRAMC/SRAM/src/MMU.v Line: 25
    Warning (13410): Pin "data_table_out[20]" is stuck at GND File: D:/file/SRAMC/SRAM/src/MMU.v Line: 25
    Warning (13410): Pin "data_table_out[21]" is stuck at GND File: D:/file/SRAMC/SRAM/src/MMU.v Line: 25
    Warning (13410): Pin "data_table_out[22]" is stuck at GND File: D:/file/SRAMC/SRAM/src/MMU.v Line: 25
    Warning (13410): Pin "data_table_out[23]" is stuck at GND File: D:/file/SRAMC/SRAM/src/MMU.v Line: 25
Info (286030): Timing-Driven Synthesis is running
Info (16010): Generating hard_block partition "hard_block:auto_generated_inst"
    Info (16011): Adding 0 node(s), including 0 DDIO, 0 PLL, 0 transceiver and 0 LCELL
Info (21057): Implemented 1148 device resources after synthesis - the final resource count might be different
    Info (21058): Implemented 17 input pins
    Info (21059): Implemented 33 output pins
    Info (21061): Implemented 1098 logic cells
Info: Quartus Prime Analysis & Synthesis was successful. 0 errors, 41 warnings
    Info: Peak virtual memory: 4850 megabytes
    Info: Processing ended: Mon May 06 22:27:11 2024
    Info: Elapsed time: 00:00:11
    Info: Total CPU time (on all processors): 00:00:07


