Flow report for WRR_FIFO
Wed Jul 24 02:54:24 2024
Quartus Prime Version 18.0.0 Build 614 04/24/2018 SJ Standard Edition


---------------------
; Table of Contents ;
---------------------
  1. Legal Notice
  2. Flow Summary
  3. Flow Settings
  4. Flow Non-Default Global Settings
  5. Flow Elapsed Time
  6. Flow OS Summary
  7. Flow Log
  8. Flow Messages
  9. Flow Suppressed Messages



----------------
; Legal Notice ;
----------------
Copyright (C) 2018  Intel Corporation. All rights reserved.
Your use of Intel Corporation's design tools, logic functions 
and other software and tools, and its AMPP partner logic 
functions, and any output files from any of the foregoing 
(including device programming or simulation files), and any 
associated documentation or information are expressly subject 
to the terms and conditions of the Intel Program License 
Subscription Agreement, the Intel Quartus Prime License Agreement,
the Intel FPGA IP License Agreement, or other applicable license
agreement, including, without limitation, that your use is for
the sole purpose of programming logic devices manufactured by
Intel and sold by Intel or its authorized distributors.  Please
refer to the applicable agreement for further details.



+--------------------------------------------------------------------------------------+
; Flow Summary                                                                         ;
+------------------------------------+-------------------------------------------------+
; Flow Status                        ; Successful - Wed Jul 24 02:54:24 2024           ;
; Quartus Prime Version              ; 18.0.0 Build 614 04/24/2018 SJ Standard Edition ;
; Revision Name                      ; WRR_FIFO                                        ;
; Top-level Entity Name              ; FIFO_top                                        ;
; Family                             ; Cyclone IV E                                    ;
; Total logic elements               ; 3,085 / 6,272 ( 49 % )                          ;
;     Total combinational functions  ; 3,047 / 6,272 ( 49 % )                          ;
;     Dedicated logic registers      ; 143 / 6,272 ( 2 % )                             ;
; Total registers                    ; 143                                             ;
; Total pins                         ; 60 / 92 ( 65 % )                                ;
; Total virtual pins                 ; 0                                               ;
; Total memory bits                  ; 65,536 / 276,480 ( 24 % )                       ;
; Embedded Multiplier 9-bit elements ; 0 / 30 ( 0 % )                                  ;
; Total PLLs                         ; 0 / 2 ( 0 % )                                   ;
; Device                             ; EP4CE6E22C6                                     ;
; Timing Models                      ; Final                                           ;
+------------------------------------+-------------------------------------------------+


+-----------------------------------------+
; Flow Settings                           ;
+-------------------+---------------------+
; Option            ; Setting             ;
+-------------------+---------------------+
; Start date & time ; 07/24/2024 02:51:31 ;
; Main task         ; Compilation         ;
; Revision Name     ; WRR_FIFO            ;
+-------------------+---------------------+


+-----------------------------------------------------------------------------------------------------------------------------+
; Flow Non-Default Global Settings                                                                                            ;
+-------------------------------------+----------------------------------------+---------------+-------------+----------------+
; Assignment Name                     ; Value                                  ; Default Value ; Entity Name ; Section Id     ;
+-------------------------------------+----------------------------------------+---------------+-------------+----------------+
; COMPILER_SIGNATURE_ID               ; 1098081094877.172176069115976          ; --            ; --          ; --             ;
; EDA_OUTPUT_DATA_FORMAT              ; Verilog Hdl                            ; --            ; --          ; eda_simulation ;
; EDA_SIMULATION_TOOL                 ; ModelSim (Verilog)                     ; <None>        ; --          ; --             ;
; EDA_TIME_SCALE                      ; 1 ps                                   ; --            ; --          ; eda_simulation ;
; PARTITION_COLOR                     ; -- (Not supported for targeted family) ; --            ; FIFO_top    ; Top            ;
; PARTITION_FITTER_PRESERVATION_LEVEL ; -- (Not supported for targeted family) ; --            ; FIFO_top    ; Top            ;
; PARTITION_NETLIST_TYPE              ; -- (Not supported for targeted family) ; --            ; FIFO_top    ; Top            ;
; PROJECT_OUTPUT_DIRECTORY            ; output_files                           ; --            ; --          ; --             ;
; TOP_LEVEL_ENTITY                    ; FIFO_top                               ; WRR_FIFO      ; --          ; --             ;
+-------------------------------------+----------------------------------------+---------------+-------------+----------------+


+--------------------------------------------------------------------------------------------------------------------------+
; Flow Elapsed Time                                                                                                        ;
+----------------------+--------------+-------------------------+---------------------+------------------------------------+
; Module Name          ; Elapsed Time ; Average Processors Used ; Peak Virtual Memory ; Total CPU Time (on all processors) ;
+----------------------+--------------+-------------------------+---------------------+------------------------------------+
; Analysis & Synthesis ; 00:00:39     ; 1.1                     ; 5339 MB             ; 00:00:35                           ;
; Fitter               ; 00:01:58     ; 1.2                     ; 6601 MB             ; 00:01:49                           ;
; Assembler            ; 00:00:01     ; 1.0                     ; 4686 MB             ; 00:00:01                           ;
; Timing Analyzer      ; 00:00:05     ; 1.6                     ; 4940 MB             ; 00:00:04                           ;
; EDA Netlist Writer   ; 00:00:04     ; 1.0                     ; 4681 MB             ; 00:00:03                           ;
; Total                ; 00:02:47     ; --                      ; --                  ; 00:02:32                           ;
+----------------------+--------------+-------------------------+---------------------+------------------------------------+


+------------------------------------------------------------------------------------+
; Flow OS Summary                                                                    ;
+----------------------+------------------+------------+------------+----------------+
; Module Name          ; Machine Hostname ; OS Name    ; OS Version ; Processor type ;
+----------------------+------------------+------------+------------+----------------+
; Analysis & Synthesis ; LAPTOP-EQBIQTIM  ; Windows 10 ; 10.0       ; x86_64         ;
; Fitter               ; LAPTOP-EQBIQTIM  ; Windows 10 ; 10.0       ; x86_64         ;
; Assembler            ; LAPTOP-EQBIQTIM  ; Windows 10 ; 10.0       ; x86_64         ;
; Timing Analyzer      ; LAPTOP-EQBIQTIM  ; Windows 10 ; 10.0       ; x86_64         ;
; EDA Netlist Writer   ; LAPTOP-EQBIQTIM  ; Windows 10 ; 10.0       ; x86_64         ;
+----------------------+------------------+------------+------------+----------------+


------------
; Flow Log ;
------------
quartus_map --read_settings_files=on --write_settings_files=off WRR_FIFO -c WRR_FIFO
quartus_fit --read_settings_files=off --write_settings_files=off WRR_FIFO -c WRR_FIFO
quartus_asm --read_settings_files=off --write_settings_files=off WRR_FIFO -c WRR_FIFO
quartus_sta WRR_FIFO -c WRR_FIFO
quartus_eda --read_settings_files=off --write_settings_files=off WRR_FIFO -c WRR_FIFO



